2020-02-05 09:27:31 [127.0.0.1][-][3p1vmkqreg8ntgmn978ihhrvfd8opol4][error][yii\base\ErrorException:256] yii\base\ErrorException: Exception (Unknown Property) 'yii\base\UnknownPropertyException' with message 'Getting unknown property: app\modules\item\models\Items::categoryId' 

in D:\OSUltimate\SecondOSPanel\domains\enmassageyii\vendor\yiisoft\yii2\base\Component.php:154

Stack trace:
#0 D:\OSUltimate\SecondOSPanel\domains\enmassageyii\vendor\yiisoft\yii2\db\BaseActiveRecord.php(298): yii\base\Component->__get('categoryId')
#1 D:\OSUltimate\SecondOSPanel\domains\enmassageyii\vendor\yiisoft\yii2\helpers\BaseHtml.php(2233): yii\db\BaseActiveRecord->__get('categoryId')
#2 D:\OSUltimate\SecondOSPanel\domains\enmassageyii\vendor\yiisoft\yii2\helpers\BaseHtml.php(1353): yii\helpers\BaseHtml::getAttributeValue(Object(app\modules\item\models\Items), 'categoryId')
#3 D:\OSUltimate\SecondOSPanel\domains\enmassageyii\vendor\yiisoft\yii2\helpers\BaseHtml.php(1407): yii\helpers\BaseHtml::activeInput('text', Object(app\modules\item\models\Items), 'categoryId', Array)
#4 D:\OSUltimate\SecondOSPanel\domains\enmassageyii\vendor\yiisoft\yii2\widgets\ActiveField.php(407): yii\helpers\BaseHtml::activeTextInput(Object(app\modules\item\models\Items), 'categoryId', Array)
#5 D:\OSUltimate\SecondOSPanel\domains\enmassageyii\vendor\yiisoft\yii2\widgets\ActiveField.php(207): yii\widgets\ActiveField->textInput()
#6 D:\OSUltimate\SecondOSPanel\domains\enmassageyii\vendor\yiisoft\yii2\widgets\ActiveField.php(176): yii\widgets\ActiveField->render()
#7 D:\OSUltimate\SecondOSPanel\domains\enmassageyii\frontend\modules\item\views\admin\index.php(16): yii\widgets\ActiveField->__toString()
#8 D:\OSUltimate\SecondOSPanel\domains\enmassageyii\vendor\yiisoft\yii2\base\View.php(348): require('D:\\OSUltimate\\S...')
#9 D:\OSUltimate\SecondOSPanel\domains\enmassageyii\vendor\yiisoft\yii2\base\View.php(257): yii\base\View->renderPhpFile('D:\\OSUltimate\\S...', Array)
#10 D:\OSUltimate\SecondOSPanel\domains\enmassageyii\vendor\yiisoft\yii2\base\View.php(156): yii\base\View->renderFile('D:\\OSUltimate\\S...', Array, Object(app\modules\item\controllers\AdminController))
#11 D:\OSUltimate\SecondOSPanel\domains\enmassageyii\vendor\yiisoft\yii2\base\Controller.php(386): yii\base\View->render('index', Array, Object(app\modules\item\controllers\AdminController))
#12 D:\OSUltimate\SecondOSPanel\domains\enmassageyii\frontend\modules\item\controllers\AdminController.php(30): yii\base\Controller->render('index', Array)
#13 [internal function]: app\modules\item\controllers\AdminController->actionIndex()
#14 D:\OSUltimate\SecondOSPanel\domains\enmassageyii\vendor\yiisoft\yii2\base\InlineAction.php(57): call_user_func_array(Array, Array)
#15 D:\OSUltimate\SecondOSPanel\domains\enmassageyii\vendor\yiisoft\yii2\base\Controller.php(157): yii\base\InlineAction->runWithParams(Array)
#16 D:\OSUltimate\SecondOSPanel\domains\enmassageyii\vendor\yiisoft\yii2\base\Module.php(528): yii\base\Controller->runAction('index', Array)
#17 D:\OSUltimate\SecondOSPanel\domains\enmassageyii\vendor\yiisoft\yii2\web\Application.php(103): yii\base\Module->runAction('item/admin/inde...', Array)
#18 D:\OSUltimate\SecondOSPanel\domains\enmassageyii\vendor\yiisoft\yii2\base\Application.php(386): yii\web\Application->handleRequest(Object(yii\web\Request))
#19 D:\OSUltimate\SecondOSPanel\domains\enmassageyii\frontend\web\index.php(21): yii\base\Application->run()
#20 {main} in D:\OSUltimate\SecondOSPanel\domains\enmassageyii\vendor\yiisoft\yii2\base\ErrorHandler.php:331
Stack trace:
#0 [internal function]: yii\base\ErrorHandler->handleError(256, 'Exception (Unkn...', 'D:\\OSUltimate\\S...', 331, Array)
#1 D:\OSUltimate\SecondOSPanel\domains\enmassageyii\vendor\yiisoft\yii2\base\ErrorHandler.php(331): trigger_error('Exception (Unkn...', 256)
#2 D:\OSUltimate\SecondOSPanel\domains\enmassageyii\vendor\yiisoft\yii2\widgets\ActiveField.php(178): yii\base\ErrorHandler::convertExceptionToError(Object(yii\base\UnknownPropertyException))
#3 D:\OSUltimate\SecondOSPanel\domains\enmassageyii\frontend\modules\item\views\admin\index.php(16): yii\widgets\ActiveField->__toString()
#4 D:\OSUltimate\SecondOSPanel\domains\enmassageyii\vendor\yiisoft\yii2\base\View.php(348): require('D:\\OSUltimate\\S...')
#5 D:\OSUltimate\SecondOSPanel\domains\enmassageyii\vendor\yiisoft\yii2\base\View.php(257): yii\base\View->renderPhpFile('D:\\OSUltimate\\S...', '[<span class="s...')
#6 D:\OSUltimate\SecondOSPanel\domains\enmassageyii\vendor\yiisoft\yii2\base\View.php(156): yii\base\View->renderFile('D:\\OSUltimate\\S...', Array, Object(app\modules\item\controllers\AdminController))
#7 D:\OSUltimate\SecondOSPanel\domains\enmassageyii\vendor\yiisoft\yii2\base\Controller.php(386): yii\base\View->render('index', Array, Object(app\modules\item\controllers\AdminController))
#8 D:\OSUltimate\SecondOSPanel\domains\enmassageyii\frontend\modules\item\controllers\AdminController.php(30): yii\base\Controller->render('index', Array)
#9 [internal function]: app\modules\item\controllers\AdminController->actionIndex()
#10 D:\OSUltimate\SecondOSPanel\domains\enmassageyii\vendor\yiisoft\yii2\base\InlineAction.php(57): call_user_func_array(Array, Array)
#11 D:\OSUltimate\SecondOSPanel\domains\enmassageyii\vendor\yiisoft\yii2\base\Controller.php(157): yii\base\InlineAction->runWithParams(Array)
#12 D:\OSUltimate\SecondOSPanel\domains\enmassageyii\vendor\yiisoft\yii2\base\Module.php(528): yii\base\Controller->runAction('index', Array)
#13 D:\OSUltimate\SecondOSPanel\domains\enmassageyii\vendor\yiisoft\yii2\web\Application.php(103): yii\base\Module->runAction('item/admin/inde...', Array)
#14 D:\OSUltimate\SecondOSPanel\domains\enmassageyii\vendor\yiisoft\yii2\base\Application.php(386): yii\web\Application->handleRequest(Object(yii\web\Request))
#15 D:\OSUltimate\SecondOSPanel\domains\enmassageyii\frontend\web\index.php(21): yii\base\Application->run()
#16 {main}
    in D:\OSUltimate\SecondOSPanel\domains\enmassageyii\frontend\modules\item\views\admin\index.php:16
    in D:\OSUltimate\SecondOSPanel\domains\enmassageyii\frontend\modules\item\controllers\AdminController.php:30
2020-02-05 09:27:31 [127.0.0.1][-][3p1vmkqreg8ntgmn978ihhrvfd8opol4][info][application] $_GET = []

$_POST = []

$_FILES = []

$_COOKIE = [
    '_csrf-frontend' => '3d1c9d7b605ba7094127b9d132f1e84a74db19f80407835fabcd8343a5ef3a9ca:2:{i:0;s:14:\"_csrf-frontend\";i:1;s:32:\"glS65INVork6h4zBoX6UH3hLXxmkwJXS\";}'
    'advanced-frontend' => '3p1vmkqreg8ntgmn978ihhrvfd8opol4'
]

$_SESSION = [
    '__flash' => []
    '__returnUrl' => 'http://enmassageyii/item/admin/index'
]

$_SERVER = [
    'REDIRECT_STATUS' => '200'
    'HTTP_HOST' => 'enmassageyii'
    'HTTP_CONNECTION' => 'keep-alive'
    'HTTP_PRAGMA' => 'no-cache'
    'HTTP_CACHE_CONTROL' => 'no-cache'
    'HTTP_UPGRADE_INSECURE_REQUESTS' => '1'
    'HTTP_USER_AGENT' => 'Mozilla/5.0 (Windows NT 10.0; Win64; x64) AppleWebKit/537.36 (KHTML, like Gecko) Chrome/79.0.3945.130 Safari/537.36'
    'HTTP_ACCEPT' => 'text/html,application/xhtml+xml,application/xml;q=0.9,image/webp,image/apng,*/*;q=0.8,application/signed-exchange;v=b3;q=0.9'
    'HTTP_ACCEPT_ENCODING' => 'gzip, deflate'
    'HTTP_ACCEPT_LANGUAGE' => 'ru-RU,ru;q=0.9,en-US;q=0.8,en;q=0.7'
    'HTTP_COOKIE' => '_csrf-frontend=3d1c9d7b605ba7094127b9d132f1e84a74db19f80407835fabcd8343a5ef3a9ca%3A2%3A%7Bi%3A0%3Bs%3A14%3A%22_csrf-frontend%22%3Bi%3A1%3Bs%3A32%3A%22glS65INVork6h4zBoX6UH3hLXxmkwJXS%22%3B%7D; advanced-frontend=3p1vmkqreg8ntgmn978ihhrvfd8opol4'
    'PATH' => 'd:\\osultimate\\secondospanel\\modules\\php\\PHP-7.2-x64\\ext;d:\\osultimate\\secondospanel\\modules\\php\\PHP-7.2-x64\\pear;d:\\osultimate\\secondospanel\\modules\\php\\PHP-7.2-x64\\pear\\bin;d:\\osultimate\\secondospanel\\modules\\php\\PHP-7.2-x64;d:\\osultimate\\secondospanel\\modules\\imagemagick;d:\\osultimate\\secondospanel\\modules\\wget\\bin;d:\\osultimate\\secondospanel\\modules\\git;d:\\osultimate\\secondospanel\\modules\\git\\bin;d:\\osultimate\\secondospanel\\modules\\git\\mingw\\bin;d:\\osultimate\\secondospanel\\modules\\git\\cmd;d:\\osultimate\\secondospanel\\modules\\database\\MySQL-5.6\\bin;d:\\osultimate\\secondospanel\\modules\\http\\Apache-PHP-7.2-x64\\bin;d:\\osultimate\\secondospanel\\modules\\http\\Apache-PHP-7.2-x64;C:\\Windows\\system32;C:\\Windows;C:\\Windows\\system32\\Wbem;C:\\Windows\\SysWOW64'
    'SystemRoot' => 'C:\\Windows'
    'COMSPEC' => 'C:\\Windows\\system32\\cmd.exe'
    'PATHEXT' => '.COM;.EXE;.BAT;.CMD;.VBS;.VBE;.JS;.JSE;.WSF;.WSH;.MSC'
    'WINDIR' => 'C:\\Windows'
    'SERVER_SIGNATURE' => ''
    'SERVER_SOFTWARE' => 'Apache'
    'SERVER_NAME' => 'enmassageyii'
    'SERVER_ADDR' => '127.0.0.1'
    'SERVER_PORT' => '80'
    'REMOTE_ADDR' => '127.0.0.1'
    'DOCUMENT_ROOT' => 'D:/OSUltimate/SecondOSPanel/domains/enmassageyii/frontend/web'
    'REQUEST_SCHEME' => 'http'
    'CONTEXT_PREFIX' => ''
    'CONTEXT_DOCUMENT_ROOT' => 'D:/OSUltimate/SecondOSPanel/domains/enmassageyii/frontend/web'
    'SERVER_ADMIN' => '[no address given]'
    'SCRIPT_FILENAME' => 'D:/OSUltimate/SecondOSPanel/domains/enmassageyii/frontend/web/index.php'
    'REMOTE_PORT' => '6300'
    'REDIRECT_URL' => '/item/admin/index'
    'GATEWAY_INTERFACE' => 'CGI/1.1'
    'SERVER_PROTOCOL' => 'HTTP/1.1'
    'REQUEST_METHOD' => 'GET'
    'QUERY_STRING' => ''
    'REQUEST_URI' => '/item/admin/index'
    'SCRIPT_NAME' => '/index.php'
    'PHP_SELF' => '/index.php'
    'REQUEST_TIME_FLOAT' => 1580884051.624
    'REQUEST_TIME' => 1580884051
    'argv' => []
    'argc' => 0
]
2020-02-05 09:27:32 [127.0.0.1][-][3p1vmkqreg8ntgmn978ihhrvfd8opol4][error][yii\base\ErrorException:256] yii\base\ErrorException: Exception (Unknown Property) 'yii\base\UnknownPropertyException' with message 'Getting unknown property: app\modules\item\models\Items::categoryId' 

in D:\OSUltimate\SecondOSPanel\domains\enmassageyii\vendor\yiisoft\yii2\base\Component.php:154

Stack trace:
#0 D:\OSUltimate\SecondOSPanel\domains\enmassageyii\vendor\yiisoft\yii2\db\BaseActiveRecord.php(298): yii\base\Component->__get('categoryId')
#1 D:\OSUltimate\SecondOSPanel\domains\enmassageyii\vendor\yiisoft\yii2\helpers\BaseHtml.php(2233): yii\db\BaseActiveRecord->__get('categoryId')
#2 D:\OSUltimate\SecondOSPanel\domains\enmassageyii\vendor\yiisoft\yii2\helpers\BaseHtml.php(1353): yii\helpers\BaseHtml::getAttributeValue(Object(app\modules\item\models\Items), 'categoryId')
#3 D:\OSUltimate\SecondOSPanel\domains\enmassageyii\vendor\yiisoft\yii2\helpers\BaseHtml.php(1407): yii\helpers\BaseHtml::activeInput('text', Object(app\modules\item\models\Items), 'categoryId', Array)
#4 D:\OSUltimate\SecondOSPanel\domains\enmassageyii\vendor\yiisoft\yii2\widgets\ActiveField.php(407): yii\helpers\BaseHtml::activeTextInput(Object(app\modules\item\models\Items), 'categoryId', Array)
#5 D:\OSUltimate\SecondOSPanel\domains\enmassageyii\vendor\yiisoft\yii2\widgets\ActiveField.php(207): yii\widgets\ActiveField->textInput()
#6 D:\OSUltimate\SecondOSPanel\domains\enmassageyii\vendor\yiisoft\yii2\widgets\ActiveField.php(176): yii\widgets\ActiveField->render()
#7 D:\OSUltimate\SecondOSPanel\domains\enmassageyii\frontend\modules\item\views\admin\index.php(16): yii\widgets\ActiveField->__toString()
#8 D:\OSUltimate\SecondOSPanel\domains\enmassageyii\vendor\yiisoft\yii2\base\View.php(348): require('D:\\OSUltimate\\S...')
#9 D:\OSUltimate\SecondOSPanel\domains\enmassageyii\vendor\yiisoft\yii2\base\View.php(257): yii\base\View->renderPhpFile('D:\\OSUltimate\\S...', Array)
#10 D:\OSUltimate\SecondOSPanel\domains\enmassageyii\vendor\yiisoft\yii2\base\View.php(156): yii\base\View->renderFile('D:\\OSUltimate\\S...', Array, Object(app\modules\item\controllers\AdminController))
#11 D:\OSUltimate\SecondOSPanel\domains\enmassageyii\vendor\yiisoft\yii2\base\Controller.php(386): yii\base\View->render('index', Array, Object(app\modules\item\controllers\AdminController))
#12 D:\OSUltimate\SecondOSPanel\domains\enmassageyii\frontend\modules\item\controllers\AdminController.php(30): yii\base\Controller->render('index', Array)
#13 [internal function]: app\modules\item\controllers\AdminController->actionIndex()
#14 D:\OSUltimate\SecondOSPanel\domains\enmassageyii\vendor\yiisoft\yii2\base\InlineAction.php(57): call_user_func_array(Array, Array)
#15 D:\OSUltimate\SecondOSPanel\domains\enmassageyii\vendor\yiisoft\yii2\base\Controller.php(157): yii\base\InlineAction->runWithParams(Array)
#16 D:\OSUltimate\SecondOSPanel\domains\enmassageyii\vendor\yiisoft\yii2\base\Module.php(528): yii\base\Controller->runAction('index', Array)
#17 D:\OSUltimate\SecondOSPanel\domains\enmassageyii\vendor\yiisoft\yii2\web\Application.php(103): yii\base\Module->runAction('item/admin/inde...', Array)
#18 D:\OSUltimate\SecondOSPanel\domains\enmassageyii\vendor\yiisoft\yii2\base\Application.php(386): yii\web\Application->handleRequest(Object(yii\web\Request))
#19 D:\OSUltimate\SecondOSPanel\domains\enmassageyii\frontend\web\index.php(21): yii\base\Application->run()
#20 {main} in D:\OSUltimate\SecondOSPanel\domains\enmassageyii\vendor\yiisoft\yii2\base\ErrorHandler.php:331
Stack trace:
#0 [internal function]: yii\base\ErrorHandler->handleError(256, 'Exception (Unkn...', 'D:\\OSUltimate\\S...', 331, Array)
#1 D:\OSUltimate\SecondOSPanel\domains\enmassageyii\vendor\yiisoft\yii2\base\ErrorHandler.php(331): trigger_error('Exception (Unkn...', 256)
#2 D:\OSUltimate\SecondOSPanel\domains\enmassageyii\vendor\yiisoft\yii2\widgets\ActiveField.php(178): yii\base\ErrorHandler::convertExceptionToError(Object(yii\base\UnknownPropertyException))
#3 D:\OSUltimate\SecondOSPanel\domains\enmassageyii\frontend\modules\item\views\admin\index.php(16): yii\widgets\ActiveField->__toString()
#4 D:\OSUltimate\SecondOSPanel\domains\enmassageyii\vendor\yiisoft\yii2\base\View.php(348): require('D:\\OSUltimate\\S...')
#5 D:\OSUltimate\SecondOSPanel\domains\enmassageyii\vendor\yiisoft\yii2\base\View.php(257): yii\base\View->renderPhpFile('D:\\OSUltimate\\S...', '[<span class="s...')
#6 D:\OSUltimate\SecondOSPanel\domains\enmassageyii\vendor\yiisoft\yii2\base\View.php(156): yii\base\View->renderFile('D:\\OSUltimate\\S...', Array, Object(app\modules\item\controllers\AdminController))
#7 D:\OSUltimate\SecondOSPanel\domains\enmassageyii\vendor\yiisoft\yii2\base\Controller.php(386): yii\base\View->render('index', Array, Object(app\modules\item\controllers\AdminController))
#8 D:\OSUltimate\SecondOSPanel\domains\enmassageyii\frontend\modules\item\controllers\AdminController.php(30): yii\base\Controller->render('index', Array)
#9 [internal function]: app\modules\item\controllers\AdminController->actionIndex()
#10 D:\OSUltimate\SecondOSPanel\domains\enmassageyii\vendor\yiisoft\yii2\base\InlineAction.php(57): call_user_func_array(Array, Array)
#11 D:\OSUltimate\SecondOSPanel\domains\enmassageyii\vendor\yiisoft\yii2\base\Controller.php(157): yii\base\InlineAction->runWithParams(Array)
#12 D:\OSUltimate\SecondOSPanel\domains\enmassageyii\vendor\yiisoft\yii2\base\Module.php(528): yii\base\Controller->runAction('index', Array)
#13 D:\OSUltimate\SecondOSPanel\domains\enmassageyii\vendor\yiisoft\yii2\web\Application.php(103): yii\base\Module->runAction('item/admin/inde...', Array)
#14 D:\OSUltimate\SecondOSPanel\domains\enmassageyii\vendor\yiisoft\yii2\base\Application.php(386): yii\web\Application->handleRequest(Object(yii\web\Request))
#15 D:\OSUltimate\SecondOSPanel\domains\enmassageyii\frontend\web\index.php(21): yii\base\Application->run()
#16 {main}
    in D:\OSUltimate\SecondOSPanel\domains\enmassageyii\frontend\modules\item\views\admin\index.php:16
    in D:\OSUltimate\SecondOSPanel\domains\enmassageyii\frontend\modules\item\controllers\AdminController.php:30
2020-02-05 09:27:32 [127.0.0.1][-][3p1vmkqreg8ntgmn978ihhrvfd8opol4][info][application] $_GET = []

$_POST = []

$_FILES = []

$_COOKIE = [
    '_csrf-frontend' => '3d1c9d7b605ba7094127b9d132f1e84a74db19f80407835fabcd8343a5ef3a9ca:2:{i:0;s:14:\"_csrf-frontend\";i:1;s:32:\"glS65INVork6h4zBoX6UH3hLXxmkwJXS\";}'
    'advanced-frontend' => '3p1vmkqreg8ntgmn978ihhrvfd8opol4'
]

$_SESSION = [
    '__flash' => []
    '__returnUrl' => 'http://enmassageyii/item/admin/index'
]

$_SERVER = [
    'REDIRECT_STATUS' => '200'
    'HTTP_HOST' => 'enmassageyii'
    'HTTP_CONNECTION' => 'keep-alive'
    'HTTP_PRAGMA' => 'no-cache'
    'HTTP_CACHE_CONTROL' => 'no-cache'
    'HTTP_UPGRADE_INSECURE_REQUESTS' => '1'
    'HTTP_USER_AGENT' => 'Mozilla/5.0 (Windows NT 10.0; Win64; x64) AppleWebKit/537.36 (KHTML, like Gecko) Chrome/79.0.3945.130 Safari/537.36'
    'HTTP_ACCEPT' => 'text/html,application/xhtml+xml,application/xml;q=0.9,image/webp,image/apng,*/*;q=0.8,application/signed-exchange;v=b3;q=0.9'
    'HTTP_ACCEPT_ENCODING' => 'gzip, deflate'
    'HTTP_ACCEPT_LANGUAGE' => 'ru-RU,ru;q=0.9,en-US;q=0.8,en;q=0.7'
    'HTTP_COOKIE' => '_csrf-frontend=3d1c9d7b605ba7094127b9d132f1e84a74db19f80407835fabcd8343a5ef3a9ca%3A2%3A%7Bi%3A0%3Bs%3A14%3A%22_csrf-frontend%22%3Bi%3A1%3Bs%3A32%3A%22glS65INVork6h4zBoX6UH3hLXxmkwJXS%22%3B%7D; advanced-frontend=3p1vmkqreg8ntgmn978ihhrvfd8opol4'
    'PATH' => 'd:\\osultimate\\secondospanel\\modules\\php\\PHP-7.2-x64\\ext;d:\\osultimate\\secondospanel\\modules\\php\\PHP-7.2-x64\\pear;d:\\osultimate\\secondospanel\\modules\\php\\PHP-7.2-x64\\pear\\bin;d:\\osultimate\\secondospanel\\modules\\php\\PHP-7.2-x64;d:\\osultimate\\secondospanel\\modules\\imagemagick;d:\\osultimate\\secondospanel\\modules\\wget\\bin;d:\\osultimate\\secondospanel\\modules\\git;d:\\osultimate\\secondospanel\\modules\\git\\bin;d:\\osultimate\\secondospanel\\modules\\git\\mingw\\bin;d:\\osultimate\\secondospanel\\modules\\git\\cmd;d:\\osultimate\\secondospanel\\modules\\database\\MySQL-5.6\\bin;d:\\osultimate\\secondospanel\\modules\\http\\Apache-PHP-7.2-x64\\bin;d:\\osultimate\\secondospanel\\modules\\http\\Apache-PHP-7.2-x64;C:\\Windows\\system32;C:\\Windows;C:\\Windows\\system32\\Wbem;C:\\Windows\\SysWOW64'
    'SystemRoot' => 'C:\\Windows'
    'COMSPEC' => 'C:\\Windows\\system32\\cmd.exe'
    'PATHEXT' => '.COM;.EXE;.BAT;.CMD;.VBS;.VBE;.JS;.JSE;.WSF;.WSH;.MSC'
    'WINDIR' => 'C:\\Windows'
    'SERVER_SIGNATURE' => ''
    'SERVER_SOFTWARE' => 'Apache'
    'SERVER_NAME' => 'enmassageyii'
    'SERVER_ADDR' => '127.0.0.1'
    'SERVER_PORT' => '80'
    'REMOTE_ADDR' => '127.0.0.1'
    'DOCUMENT_ROOT' => 'D:/OSUltimate/SecondOSPanel/domains/enmassageyii/frontend/web'
    'REQUEST_SCHEME' => 'http'
    'CONTEXT_PREFIX' => ''
    'CONTEXT_DOCUMENT_ROOT' => 'D:/OSUltimate/SecondOSPanel/domains/enmassageyii/frontend/web'
    'SERVER_ADMIN' => '[no address given]'
    'SCRIPT_FILENAME' => 'D:/OSUltimate/SecondOSPanel/domains/enmassageyii/frontend/web/index.php'
    'REMOTE_PORT' => '6299'
    'REDIRECT_URL' => '/item/admin/index'
    'GATEWAY_INTERFACE' => 'CGI/1.1'
    'SERVER_PROTOCOL' => 'HTTP/1.1'
    'REQUEST_METHOD' => 'GET'
    'QUERY_STRING' => ''
    'REQUEST_URI' => '/item/admin/index'
    'SCRIPT_NAME' => '/index.php'
    'PHP_SELF' => '/index.php'
    'REQUEST_TIME_FLOAT' => 1580884052.218
    'REQUEST_TIME' => 1580884052
    'argv' => []
    'argc' => 0
]
2020-02-05 09:28:39 [127.0.0.1][-][3p1vmkqreg8ntgmn978ihhrvfd8opol4][error][yii\base\UnknownPropertyException] yii\base\UnknownPropertyException: Getting unknown property: app\modules\item\models\Items::categoryId in D:\OSUltimate\SecondOSPanel\domains\enmassageyii\vendor\yiisoft\yii2\base\Component.php:154
Stack trace:
#0 D:\OSUltimate\SecondOSPanel\domains\enmassageyii\vendor\yiisoft\yii2\db\BaseActiveRecord.php(298): yii\base\Component->__get('categoryId')
#1 D:\OSUltimate\SecondOSPanel\domains\enmassageyii\vendor\yiisoft\yii2\validators\Validator.php(254): yii\db\BaseActiveRecord->__get('categoryId')
#2 D:\OSUltimate\SecondOSPanel\domains\enmassageyii\vendor\yiisoft\yii2\base\Model.php(367): yii\validators\Validator->validateAttributes(Object(app\modules\item\models\Items), Array)
#3 D:\OSUltimate\SecondOSPanel\domains\enmassageyii\frontend\modules\item\controllers\AdminController.php(23): yii\base\Model->validate()
#4 [internal function]: app\modules\item\controllers\AdminController->actionIndex()
#5 D:\OSUltimate\SecondOSPanel\domains\enmassageyii\vendor\yiisoft\yii2\base\InlineAction.php(57): call_user_func_array(Array, Array)
#6 D:\OSUltimate\SecondOSPanel\domains\enmassageyii\vendor\yiisoft\yii2\base\Controller.php(157): yii\base\InlineAction->runWithParams(Array)
#7 D:\OSUltimate\SecondOSPanel\domains\enmassageyii\vendor\yiisoft\yii2\base\Module.php(528): yii\base\Controller->runAction('index', Array)
#8 D:\OSUltimate\SecondOSPanel\domains\enmassageyii\vendor\yiisoft\yii2\web\Application.php(103): yii\base\Module->runAction('item/admin/inde...', Array)
#9 D:\OSUltimate\SecondOSPanel\domains\enmassageyii\vendor\yiisoft\yii2\base\Application.php(386): yii\web\Application->handleRequest(Object(yii\web\Request))
#10 D:\OSUltimate\SecondOSPanel\domains\enmassageyii\frontend\web\index.php(21): yii\base\Application->run()
#11 {main}
2020-02-05 09:28:39 [127.0.0.1][-][3p1vmkqreg8ntgmn978ihhrvfd8opol4][info][application] $_GET = []

$_POST = [
    '_csrf-frontend' => 'bzx0AFRzoiWJUzNHfNL9ttqFuoWea6RZIKsqCO_TcLEIUCc2YTrsc-YhWHEU5of0td2M0NZYzBV400djmJko4g=='
    'Items' => [
        'id' => ''
        'description' => ''
        'name' => ''
        'anchor' => ''
        'img' => ''
        'link_amazon' => ''
        'imgPreview' => ''
    ]
]

$_FILES = []

$_COOKIE = [
    '_csrf-frontend' => '3d1c9d7b605ba7094127b9d132f1e84a74db19f80407835fabcd8343a5ef3a9ca:2:{i:0;s:14:\"_csrf-frontend\";i:1;s:32:\"glS65INVork6h4zBoX6UH3hLXxmkwJXS\";}'
    'advanced-frontend' => '3p1vmkqreg8ntgmn978ihhrvfd8opol4'
]

$_SESSION = [
    '__flash' => []
    '__returnUrl' => 'http://enmassageyii/item/admin/index'
]

$_SERVER = [
    'REDIRECT_STATUS' => '200'
    'HTTP_HOST' => 'enmassageyii'
    'HTTP_CONNECTION' => 'keep-alive'
    'CONTENT_LENGTH' => '245'
    'HTTP_CACHE_CONTROL' => 'max-age=0'
    'HTTP_ORIGIN' => 'http://enmassageyii'
    'HTTP_UPGRADE_INSECURE_REQUESTS' => '1'
    'CONTENT_TYPE' => 'application/x-www-form-urlencoded'
    'HTTP_USER_AGENT' => 'Mozilla/5.0 (Windows NT 10.0; Win64; x64) AppleWebKit/537.36 (KHTML, like Gecko) Chrome/79.0.3945.130 Safari/537.36'
    'HTTP_ACCEPT' => 'text/html,application/xhtml+xml,application/xml;q=0.9,image/webp,image/apng,*/*;q=0.8,application/signed-exchange;v=b3;q=0.9'
    'HTTP_REFERER' => 'http://enmassageyii/item/admin/index'
    'HTTP_ACCEPT_ENCODING' => 'gzip, deflate'
    'HTTP_ACCEPT_LANGUAGE' => 'ru-RU,ru;q=0.9,en-US;q=0.8,en;q=0.7'
    'HTTP_COOKIE' => '_csrf-frontend=3d1c9d7b605ba7094127b9d132f1e84a74db19f80407835fabcd8343a5ef3a9ca%3A2%3A%7Bi%3A0%3Bs%3A14%3A%22_csrf-frontend%22%3Bi%3A1%3Bs%3A32%3A%22glS65INVork6h4zBoX6UH3hLXxmkwJXS%22%3B%7D; advanced-frontend=3p1vmkqreg8ntgmn978ihhrvfd8opol4'
    'PATH' => 'd:\\osultimate\\secondospanel\\modules\\php\\PHP-7.2-x64\\ext;d:\\osultimate\\secondospanel\\modules\\php\\PHP-7.2-x64\\pear;d:\\osultimate\\secondospanel\\modules\\php\\PHP-7.2-x64\\pear\\bin;d:\\osultimate\\secondospanel\\modules\\php\\PHP-7.2-x64;d:\\osultimate\\secondospanel\\modules\\imagemagick;d:\\osultimate\\secondospanel\\modules\\wget\\bin;d:\\osultimate\\secondospanel\\modules\\git;d:\\osultimate\\secondospanel\\modules\\git\\bin;d:\\osultimate\\secondospanel\\modules\\git\\mingw\\bin;d:\\osultimate\\secondospanel\\modules\\git\\cmd;d:\\osultimate\\secondospanel\\modules\\database\\MySQL-5.6\\bin;d:\\osultimate\\secondospanel\\modules\\http\\Apache-PHP-7.2-x64\\bin;d:\\osultimate\\secondospanel\\modules\\http\\Apache-PHP-7.2-x64;C:\\Windows\\system32;C:\\Windows;C:\\Windows\\system32\\Wbem;C:\\Windows\\SysWOW64'
    'SystemRoot' => 'C:\\Windows'
    'COMSPEC' => 'C:\\Windows\\system32\\cmd.exe'
    'PATHEXT' => '.COM;.EXE;.BAT;.CMD;.VBS;.VBE;.JS;.JSE;.WSF;.WSH;.MSC'
    'WINDIR' => 'C:\\Windows'
    'SERVER_SIGNATURE' => ''
    'SERVER_SOFTWARE' => 'Apache'
    'SERVER_NAME' => 'enmassageyii'
    'SERVER_ADDR' => '127.0.0.1'
    'SERVER_PORT' => '80'
    'REMOTE_ADDR' => '127.0.0.1'
    'DOCUMENT_ROOT' => 'D:/OSUltimate/SecondOSPanel/domains/enmassageyii/frontend/web'
    'REQUEST_SCHEME' => 'http'
    'CONTEXT_PREFIX' => ''
    'CONTEXT_DOCUMENT_ROOT' => 'D:/OSUltimate/SecondOSPanel/domains/enmassageyii/frontend/web'
    'SERVER_ADMIN' => '[no address given]'
    'SCRIPT_FILENAME' => 'D:/OSUltimate/SecondOSPanel/domains/enmassageyii/frontend/web/index.php'
    'REMOTE_PORT' => '6359'
    'REDIRECT_URL' => '/item/admin/index'
    'GATEWAY_INTERFACE' => 'CGI/1.1'
    'SERVER_PROTOCOL' => 'HTTP/1.1'
    'REQUEST_METHOD' => 'POST'
    'QUERY_STRING' => ''
    'REQUEST_URI' => '/item/admin/index'
    'SCRIPT_NAME' => '/index.php'
    'PHP_SELF' => '/index.php'
    'REQUEST_TIME_FLOAT' => 1580884119.171
    'REQUEST_TIME' => 1580884119
    'argv' => []
    'argc' => 0
]
